Determining if the pthread_create exist failed with the following output:
Change Dir: /mnt/c/Users/huaxuan/source/repos/terrain_web/cpp/geodesic/grpc/cmake/build/CMakeFiles/CMakeTmp

Run Build Command:"/usr/bin/make" "cmTC_7d14c/fast"
/usr/bin/make -f CMakeFiles/cmTC_7d14c.dir/build.make CMakeFiles/cmTC_7d14c.dir/build
make[1]: Entering directory `/mnt/c/Users/huaxuan/source/repos/terrain_web/cpp/geodesic/grpc/cmake/build/CMakeFiles/CMakeTmp'
Building C object CMakeFiles/cmTC_7d14c.dir/CheckSymbolExists.c.o
/usr/bin/cc    -o CMakeFiles/cmTC_7d14c.dir/CheckSymbolExists.c.o   -c /mnt/c/Users/huaxuan/source/repos/terrain_web/cpp/geodesic/grpc/cmake/build/CMakeFiles/CMakeTmp/CheckSymbolExists.c
Linking C executable cmTC_7d14c
/usr/bin/cmake -E cmake_link_script CMakeFiles/cmTC_7d14c.dir/link.txt --verbose=1
/usr/bin/cc      -rdynamic CMakeFiles/cmTC_7d14c.dir/CheckSymbolExists.c.o  -o cmTC_7d14c 
CMakeFiles/cmTC_7d14c.dir/CheckSymbolExists.c.o: In function `main':
CheckSymbolExists.c:(.text+0x1b): undefined reference to `pthread_create'
collect2: error: ld returned 1 exit status
make[1]: *** [cmTC_7d14c] Error 1
make[1]: Leaving directory `/mnt/c/Users/huaxuan/source/repos/terrain_web/cpp/geodesic/grpc/cmake/build/CMakeFiles/CMakeTmp'
make: *** [cmTC_7d14c/fast] Error 2

File /mnt/c/Users/huaxuan/source/repos/terrain_web/cpp/geodesic/grpc/cmake/build/CMakeFiles/CMakeTmp/CheckSymbolExists.c:
/* */
#include <pthread.h>

int main(int argc, char** argv)
{
  (void)argv;
#ifndef pthread_create
  return ((int*)(&pthread_create))[argc];
#else
  (void)argc;
  return 0;
#endif
}

Determining if the function pthread_create exists in the pthreads failed with the following output:
Change Dir: /mnt/c/Users/huaxuan/source/repos/terrain_web/cpp/geodesic/grpc/cmake/build/CMakeFiles/CMakeTmp

Run Build Command:"/usr/bin/make" "cmTC_fd22b/fast"
/usr/bin/make -f CMakeFiles/cmTC_fd22b.dir/build.make CMakeFiles/cmTC_fd22b.dir/build
make[1]: Entering directory `/mnt/c/Users/huaxuan/source/repos/terrain_web/cpp/geodesic/grpc/cmake/build/CMakeFiles/CMakeTmp'
Building C object CMakeFiles/cmTC_fd22b.dir/CheckFunctionExists.c.o
/usr/bin/cc   -DCHECK_FUNCTION_EXISTS=pthread_create   -o CMakeFiles/cmTC_fd22b.dir/CheckFunctionExists.c.o   -c /usr/share/cmake-3.10/Modules/CheckFunctionExists.c
Linking C executable cmTC_fd22b
/usr/bin/cmake -E cmake_link_script CMakeFiles/cmTC_fd22b.dir/link.txt --verbose=1
/usr/bin/cc  -DCHECK_FUNCTION_EXISTS=pthread_create    -rdynamic CMakeFiles/cmTC_fd22b.dir/CheckFunctionExists.c.o  -o cmTC_fd22b -lpthreads 
/usr/bin/ld: cannot find -lpthreads
collect2: error: ld returned 1 exit status
make[1]: *** [cmTC_fd22b] Error 1
make[1]: Leaving directory `/mnt/c/Users/huaxuan/source/repos/terrain_web/cpp/geodesic/grpc/cmake/build/CMakeFiles/CMakeTmp'
make: *** [cmTC_fd22b/fast] Error 2


