Determining if the pthread_create exist failed with the following output:
Change Dir: //home/tongcheng/Documents/terrain_toolkit_web/grpc/cpp/grpc_server/cmake/build/CMakeFiles/CMakeTmp

Run Build Command:"/usr/bin/make" "cmTC_0b0e8/fast"
/usr/bin/make -f CMakeFiles/cmTC_0b0e8.dir/build.make CMakeFiles/cmTC_0b0e8.dir/build
make[1]: Entering directory `//home/tongcheng/Documents/terrain_toolkit_web/grpc/cpp/grpc_server/cmake/build/CMakeFiles/CMakeTmp'
Building C object CMakeFiles/cmTC_0b0e8.dir/CheckSymbolExists.c.o
/usr/bin/cc    -o CMakeFiles/cmTC_0b0e8.dir/CheckSymbolExists.c.o   -c //home/tongcheng/Documents/terrain_toolkit_web/grpc/cpp/grpc_server/cmake/build/CMakeFiles/CMakeTmp/CheckSymbolExists.c
Linking C executable cmTC_0b0e8
/usr/bin/cmake -E cmake_link_script CMakeFiles/cmTC_0b0e8.dir/link.txt --verbose=1
/usr/bin/cc      -rdynamic CMakeFiles/cmTC_0b0e8.dir/CheckSymbolExists.c.o  -o cmTC_0b0e8 
CMakeFiles/cmTC_0b0e8.dir/CheckSymbolExists.c.o: In function `main':
CheckSymbolExists.c:(.text+0x1b): undefined reference to `pthread_create'
collect2: error: ld returned 1 exit status
make[1]: *** [cmTC_0b0e8] Error 1
make[1]: Leaving directory `//home/tongcheng/Documents/terrain_toolkit_web/grpc/cpp/grpc_server/cmake/build/CMakeFiles/CMakeTmp'
make: *** [cmTC_0b0e8/fast] Error 2

File //home/tongcheng/Documents/terrain_toolkit_web/grpc/cpp/grpc_server/cmake/build/CMakeFiles/CMakeTmp/CheckSymbolExists.c:
/* */
#include <pthread.h>

int main(int argc, char** argv)
{
  (void)argv;
#ifndef pthread_create
  return ((int*)(&pthread_create))[argc];
#else
  (void)argc;
  return 0;
#endif
}

Determining if the function pthread_create exists in the pthreads failed with the following output:
Change Dir: //home/tongcheng/Documents/terrain_toolkit_web/grpc/cpp/grpc_server/cmake/build/CMakeFiles/CMakeTmp

Run Build Command:"/usr/bin/make" "cmTC_a7aca/fast"
/usr/bin/make -f CMakeFiles/cmTC_a7aca.dir/build.make CMakeFiles/cmTC_a7aca.dir/build
make[1]: Entering directory `//home/tongcheng/Documents/terrain_toolkit_web/grpc/cpp/grpc_server/cmake/build/CMakeFiles/CMakeTmp'
Building C object CMakeFiles/cmTC_a7aca.dir/CheckFunctionExists.c.o
/usr/bin/cc   -DCHECK_FUNCTION_EXISTS=pthread_create   -o CMakeFiles/cmTC_a7aca.dir/CheckFunctionExists.c.o   -c /usr/share/cmake-3.10/Modules/CheckFunctionExists.c
Linking C executable cmTC_a7aca
/usr/bin/cmake -E cmake_link_script CMakeFiles/cmTC_a7aca.dir/link.txt --verbose=1
/usr/bin/cc  -DCHECK_FUNCTION_EXISTS=pthread_create    -rdynamic CMakeFiles/cmTC_a7aca.dir/CheckFunctionExists.c.o  -o cmTC_a7aca -lpthreads 
/usr/bin/ld: cannot find -lpthreads
collect2: error: ld returned 1 exit status
make[1]: *** [cmTC_a7aca] Error 1
make[1]: Leaving directory `//home/tongcheng/Documents/terrain_toolkit_web/grpc/cpp/grpc_server/cmake/build/CMakeFiles/CMakeTmp'
make: *** [cmTC_a7aca/fast] Error 2


Performing C SOURCE FILE Test CMAKE_HAVE_LIBC_PTHREAD failed with the following output:
Change Dir: /home/tongcheng/Documents/terrain_toolkit_web/grpc/cpp/grpc_server/cmake/build/CMakeFiles/CMakeTmp

Run Build Command(s):/usr/bin/make cmTC_6a2f1/fast && /usr/bin/make  -f CMakeFiles/cmTC_6a2f1.dir/build.make CMakeFiles/cmTC_6a2f1.dir/build
make[1]: 進入目錄「/home/tongcheng/Documents/terrain_toolkit_web/grpc/cpp/grpc_server/cmake/build/CMakeFiles/CMakeTmp」
Building C object CMakeFiles/cmTC_6a2f1.dir/src.c.o
/usr/bin/cc -DCMAKE_HAVE_LIBC_PTHREAD   -o CMakeFiles/cmTC_6a2f1.dir/src.c.o -c /home/tongcheng/Documents/terrain_toolkit_web/grpc/cpp/grpc_server/cmake/build/CMakeFiles/CMakeTmp/src.c
Linking C executable cmTC_6a2f1
/home/tongcheng/.local/bin/cmake -E cmake_link_script CMakeFiles/cmTC_6a2f1.dir/link.txt --verbose=1
/usr/bin/cc -rdynamic CMakeFiles/cmTC_6a2f1.dir/src.c.o -o cmTC_6a2f1 
/usr/bin/ld: CMakeFiles/cmTC_6a2f1.dir/src.c.o: in function `main':
src.c:(.text+0x46): undefined reference to `pthread_create'
/usr/bin/ld: src.c:(.text+0x52): undefined reference to `pthread_detach'
/usr/bin/ld: src.c:(.text+0x5e): undefined reference to `pthread_cancel'
/usr/bin/ld: src.c:(.text+0x6f): undefined reference to `pthread_join'
collect2: error: ld returned 1 exit status
make[1]: *** [CMakeFiles/cmTC_6a2f1.dir/build.make:106：cmTC_6a2f1] 錯誤 1
make[1]: 離開目錄「/home/tongcheng/Documents/terrain_toolkit_web/grpc/cpp/grpc_server/cmake/build/CMakeFiles/CMakeTmp」
make: *** [Makefile:140：cmTC_6a2f1/fast] 錯誤 2


Source file was:
#include <pthread.h>

static void* test_func(void* data)
{
  return data;
}

int main(void)
{
  pthread_t thread;
  pthread_create(&thread, NULL, test_func, NULL);
  pthread_detach(thread);
  pthread_cancel(thread);
  pthread_join(thread, NULL);
  pthread_atfork(NULL, NULL, NULL);
  pthread_exit(NULL);

  return 0;
}

